<?xml version="1.0" encoding="UTF-8"?>
<!-- Generated by org.testng.reporters.JUnitXMLReporter -->
<testsuite ignored="0" hostname="DESKTOP-NMCT7KP" failures="0" tests="4" name="tests" time="13.999" errors="0" timestamp="2024-07-30T03:40:54 IST">
  <testcase classname="seleniums.parallel" name="url" time="9.072"/>
  <testcase classname="seleniums.parallel" name="title" time="9.233"/>
  <testcase classname="seleniums.parallel2" name="url" time="4.603"/>
  <testcase classname="seleniums.parallel2" name="title" time="4.818"/>
</testsuite> <!-- tests -->
