<?xml version="1.0" encoding="UTF-8"?>
<testng-results ignored="0" total="1" passed="1" failed="0" skipped="0">
  <reporter-output>
  </reporter-output>
  <suite started-at="2024-07-30T15:11:30 IST" name="Default suite" finished-at="2024-07-30T15:11:46 IST" duration-ms="15255">
    <groups>
    </groups>
    <test started-at="2024-07-30T15:11:30 IST" name="Default test" finished-at="2024-07-30T15:11:46 IST" duration-ms="15255">
      <class name="seleniums.imgValue">
        <test-method signature="abc()[pri:0, instance:seleniums.imgValue@534a5a98]" started-at="2024-07-30T15:11:30 IST" name="abc" finished-at="2024-07-30T15:11:46 IST" duration-ms="15159" status="PASS">
          <reporter-output>
          </reporter-output>
        </test-method> <!-- abc -->
      </class> <!-- seleniums.imgValue -->
    </test> <!-- Default test -->
  </suite> <!-- Default suite -->
</testng-results>
